<?xml version="1.0" encoding="UTF-8"?>
<!-- Generated by org.testng.reporters.JUnitReportReporter -->
<testsuite name="com.demoGit.TestDemo" tests="2" time="0.008" ignored="0" failures="0" timestamp="07 Feb 2020 01:13:48 GMT" skipped="0" hostname="LP-Manish8Kumar" errors="0">
  <testcase name="secondTest" time="0.000" classname="com.demoGit.TestDemo"/>
  <testcase name="firstTest" time="0.008" classname="com.demoGit.TestDemo"/>
</testsuite> <!-- com.demoGit.TestDemo -->
